<?xml version="1.0" encoding="UTF-8"?>
<testsuite name="com.litethinking.kafka.KafkaCoreConsumerApplicationTests" tests="1" skipped="0" failures="0" errors="0" timestamp="2025-09-20T15:08:35" hostname="VASSCOL-AV43898" time="2.504">
  <properties/>
  <testcase name="contextLoads()" classname="com.litethinking.kafka.KafkaCoreConsumerApplicationTests" time="2.504"/>
  <system-out><![CDATA[10:08:25.137 [Test worker] DEBUG org.springframework.test.context.BootstrapUtils - Instantiating CacheAwareContextLoaderDelegate from class [org.springframework.test.context.cache.DefaultCacheAwareContextLoaderDelegate]
10:08:25.177 [Test worker] DEBUG org.springframework.test.context.BootstrapUtils - Instantiating BootstrapContext using constructor [public org.springframework.test.context.support.DefaultBootstrapContext(java.lang.Class,org.springframework.test.context.CacheAwareContextLoaderDelegate)]
10:08:25.455 [Test worker] DEBUG org.springframework.test.context.BootstrapUtils - Instantiating TestContextBootstrapper for test class [com.litethinking.kafka.KafkaCoreConsumerApplicationTests] from class [org.springframework.boot.test.context.SpringBootTestContextBootstrapper]
10:08:25.499 [Test worker] INFO org.springframework.boot.test.context.SpringBootTestContextBootstrapper - Neither @ContextConfiguration nor @ContextHierarchy found for test class [com.litethinking.kafka.KafkaCoreConsumerApplicationTests], using SpringBootContextLoader
10:08:25.511 [Test worker] DEBUG org.springframework.test.context.support.AbstractContextLoader - Did not detect default resource location for test class [com.litethinking.kafka.KafkaCoreConsumerApplicationTests]: class path resource [com/litethinking/kafka/KafkaCoreConsumerApplicationTests-context.xml] does not exist
10:08:25.513 [Test worker] DEBUG org.springframework.test.context.support.AbstractContextLoader - Did not detect default resource location for test class [com.litethinking.kafka.KafkaCoreConsumerApplicationTests]: class path resource [com/litethinking/kafka/KafkaCoreConsumerApplicationTestsContext.groovy] does not exist
10:08:25.514 [Test worker] INFO org.springframework.test.context.support.AbstractContextLoader - Could not detect default resource locations for test class [com.litethinking.kafka.KafkaCoreConsumerApplicationTests]: no resource found for suffixes {-context.xml, Context.groovy}.
10:08:25.517 [Test worker] INFO org.springframework.test.context.support.AnnotationConfigContextLoaderUtils - Could not detect default configuration classes for test class [com.litethinking.kafka.KafkaCoreConsumerApplicationTests]: KafkaCoreConsumerApplicationTests does not declare any static, non-private, non-final, nested classes annotated with @Configuration.
10:08:25.707 [Test worker] DEBUG org.springframework.test.context.support.ActiveProfilesUtils - Could not find an 'annotation declaring class' for annotation type [org.springframework.test.context.ActiveProfiles] and class [com.litethinking.kafka.KafkaCoreConsumerApplicationTests]
10:08:26.090 [Test worker] DEBUG org.springframework.context.annotation.ClassPathScanningCandidateComponentProvider - Identified candidate component class: file [C:\Proj-Dev\kafka-Avro-Schema-Registry\avro-consumer\build\classes\java\main\com\litethinking\kafka\KafkaCoreConsumerApplication.class]
10:08:26.096 [Test worker] INFO org.springframework.boot.test.context.SpringBootTestContextBootstrapper - Found @SpringBootConfiguration com.litethinking.kafka.KafkaCoreConsumerApplication for test class com.litethinking.kafka.KafkaCoreConsumerApplicationTests
10:08:26.482 [Test worker] DEBUG org.springframework.boot.test.context.SpringBootTestContextBootstrapper - @TestExecutionListeners is not present for class [com.litethinking.kafka.KafkaCoreConsumerApplicationTests]: using defaults.
10:08:26.486 [Test worker] INFO org.springframework.boot.test.context.SpringBootTestContextBootstrapper - Loaded default TestExecutionListener class names from location [META-INF/spring.factories]: [org.springframework.boot.test.autoconfigure.restdocs.RestDocsTestExecutionListener, org.springframework.boot.test.autoconfigure.web.client.MockRestServiceServerResetTestExecutionListener, org.springframework.boot.test.autoconfigure.web.servlet.MockMvcPrintOnlyOnFailureTestExecutionListener, org.springframework.boot.test.autoconfigure.web.servlet.WebDriverTestExecutionListener, org.springframework.boot.test.autoconfigure.webservices.client.MockWebServiceServerTestExecutionListener, org.springframework.boot.test.mock.mockito.MockitoTestExecutionListener, org.springframework.boot.test.mock.mockito.ResetMocksTestExecutionListener, org.springframework.test.context.web.ServletTestExecutionListener, org.springframework.test.context.support.DirtiesContextBeforeModesTestExecutionListener, org.springframework.test.context.event.ApplicationEventsTestExecutionListener, org.springframework.test.context.support.DependencyInjectionTestExecutionListener, org.springframework.test.context.support.DirtiesContextTestExecutionListener, org.springframework.test.context.transaction.TransactionalTestExecutionListener, org.springframework.test.context.jdbc.SqlScriptsTestExecutionListener, org.springframework.test.context.event.EventPublishingTestExecutionListener]
10:08:26.510 [Test worker] DEBUG org.springframework.boot.test.context.SpringBootTestContextBootstrapper - Skipping candidate TestExecutionListener [org.springframework.test.context.web.ServletTestExecutionListener] due to a missing dependency. Specify custom listener classes or make the default listener classes and their required dependencies available. Offending class: [javax/servlet/ServletContext]
10:08:26.541 [Test worker] INFO org.springframework.boot.test.context.SpringBootTestContextBootstrapper - Using TestExecutionListeners: [org.springframework.test.context.support.DirtiesContextBeforeModesTestExecutionListener@54361a9, org.springframework.test.context.event.ApplicationEventsTestExecutionListener@32232e55, org.springframework.boot.test.mock.mockito.MockitoTestExecutionListener@5217f3d0, org.springframework.boot.test.autoconfigure.SpringBootDependencyInjectionTestExecutionListener@37ebc9d8, org.springframework.test.context.support.DirtiesContextTestExecutionListener@293bb8a5, org.springframework.test.context.transaction.TransactionalTestExecutionListener@2416a51, org.springframework.test.context.jdbc.SqlScriptsTestExecutionListener@6fa590ba, org.springframework.test.context.event.EventPublishingTestExecutionListener@6e9319f, org.springframework.boot.test.autoconfigure.restdocs.RestDocsTestExecutionListener@72e34f77, org.springframework.boot.test.autoconfigure.web.client.MockRestServiceServerResetTestExecutionListener@7bf9b098, org.springframework.boot.test.autoconfigure.web.servlet.MockMvcPrintOnlyOnFailureTestExecutionListener@389adf1d, org.springframework.boot.test.autoconfigure.web.servlet.WebDriverTestExecutionListener@77307458, org.springframework.boot.test.autoconfigure.webservices.client.MockWebServiceServerTestExecutionListener@1fc0053e, org.springframework.boot.test.mock.mockito.ResetMocksTestExecutionListener@290b1b2e]
10:08:26.565 [Test worker] DEBUG org.springframework.test.context.support.AbstractDirtiesContextTestExecutionListener - Before test class: context [DefaultTestContext@55f3c410 testClass = KafkaCoreConsumerApplicationTests, testInstance = [null], testMethod = [null], testException = [null], mergedContextConfiguration = [MergedContextConfiguration@11acdc30 testClass = KafkaCoreConsumerApplicationTests, locations = '{}', classes = '{class com.litethinking.kafka.KafkaCoreConsumerApplication}', contextInitializerClasses = '[]', activeProfiles = '{}', propertySourceLocations = '{}', propertySourceProperties = '{org.springframework.boot.test.context.SpringBootTestContextBootstrapper=true}', contextCustomizers = set[org.springframework.boot.test.autoconfigure.actuate.metrics.MetricsExportContextCustomizerFactory$DisableMetricExportContextCustomizer@5d8bafa9, org.springframework.boot.test.autoconfigure.properties.PropertyMappingContextCustomizer@0, org.springframework.boot.test.autoconfigure.web.servlet.WebDriverContextCustomizerFactory$Customizer@305a0c5f, org.springframework.boot.test.context.filter.ExcludeFilterContextCustomizer@4b41e4dd, org.springframework.boot.test.json.DuplicateJsonObjectContextCustomizerFactory$DuplicateJsonObjectContextCustomizer@42721fe, org.springframework.boot.test.mock.mockito.MockitoContextCustomizer@0, org.springframework.boot.test.web.client.TestRestTemplateContextCustomizer@5ccbeb64, org.springframework.boot.test.context.SpringBootTestArgs@1, org.springframework.boot.test.context.SpringBootTestWebEnvironment@46cdf8bd], contextLoader = 'org.springframework.boot.test.context.SpringBootContextLoader', parent = [null]], attributes = map[[empty]]], class annotated with @DirtiesContext [false] with mode [null].
10:08:26.634 [Test worker] DEBUG org.springframework.test.context.support.DependencyInjectionTestExecutionListener - Performing dependency injection for test context [[DefaultTestContext@55f3c410 testClass = KafkaCoreConsumerApplicationTests, testInstance = com.litethinking.kafka.KafkaCoreConsumerApplicationTests@3b9d6699, testMethod = [null], testException = [null], mergedContextConfiguration = [MergedContextConfiguration@11acdc30 testClass = KafkaCoreConsumerApplicationTests, locations = '{}', classes = '{class com.litethinking.kafka.KafkaCoreConsumerApplication}', contextInitializerClasses = '[]', activeProfiles = '{}', propertySourceLocations = '{}', propertySourceProperties = '{org.springframework.boot.test.context.SpringBootTestContextBootstrapper=true}', contextCustomizers = set[org.springframework.boot.test.autoconfigure.actuate.metrics.MetricsExportContextCustomizerFactory$DisableMetricExportContextCustomizer@5d8bafa9, org.springframework.boot.test.autoconfigure.properties.PropertyMappingContextCustomizer@0, org.springframework.boot.test.autoconfigure.web.servlet.WebDriverContextCustomizerFactory$Customizer@305a0c5f, org.springframework.boot.test.context.filter.ExcludeFilterContextCustomizer@4b41e4dd, org.springframework.boot.test.json.DuplicateJsonObjectContextCustomizerFactory$DuplicateJsonObjectContextCustomizer@42721fe, org.springframework.boot.test.mock.mockito.MockitoContextCustomizer@0, org.springframework.boot.test.web.client.TestRestTemplateContextCustomizer@5ccbeb64, org.springframework.boot.test.context.SpringBootTestArgs@1, org.springframework.boot.test.context.SpringBootTestWebEnvironment@46cdf8bd], contextLoader = 'org.springframework.boot.test.context.SpringBootContextLoader', parent = [null]], attributes = map['org.springframework.test.context.event.ApplicationEventsTestExecutionListener.recordApplicationEvents' -> false]]].
[Avro Consumer] 10:08:28.070  INFO --- c.l.k.KafkaCoreConsumerApplicationTests  : Starting KafkaCoreConsumerApplicationTests using Java 17.0.16 on VASSCOL-AV43898 with PID 44196 (started by joel.paez in C:\Proj-Dev\kafka-Avro-Schema-Registry\avro-consumer)
[Avro Consumer] 10:08:28.076  INFO --- c.l.k.KafkaCoreConsumerApplicationTests  : No active profile set, falling back to 1 default profile: "default"
[Avro Consumer] 10:08:33.933  INFO --- o.a.k.clients.consumer.ConsumerConfig    : ConsumerConfig values: 
	allow.auto.create.topics = true
	auto.commit.interval.ms = 5000
	auto.offset.reset = earliest
	bootstrap.servers = [localhost:9092]
	check.crcs = true
	client.dns.lookup = use_all_dns_ips
	client.id = consumer-avro-group-1
	client.rack = 
	connections.max.idle.ms = 540000
	default.api.timeout.ms = 60000
	enable.auto.commit = false
	exclude.internal.topics = true
	fetch.max.bytes = 52428800
	fetch.max.wait.ms = 500
	fetch.min.bytes = 1
	group.id = avro-group
	group.instance.id = null
	heartbeat.interval.ms = 3000
	interceptor.classes = []
	internal.leave.group.on.close = true
	internal.throw.on.fetch.stable.offset.unsupported = false
	isolation.level = read_uncommitted
	key.deserializer = class org.springframework.kafka.support.serializer.ErrorHandlingDeserializer
	max.partition.fetch.bytes = 1048576
	max.poll.interval.ms = 300000
	max.poll.records = 500
	metadata.max.age.ms = 300000
	metric.reporters = []
	metrics.num.samples = 2
	metrics.recording.level = INFO
	metrics.sample.window.ms = 30000
	partition.assignment.strategy = [class org.apache.kafka.clients.consumer.RangeAssignor, class org.apache.kafka.clients.consumer.CooperativeStickyAssignor]
	receive.buffer.bytes = 65536
	reconnect.backoff.max.ms = 1000
	reconnect.backoff.ms = 50
	request.timeout.ms = 30000
	retry.backoff.ms = 100
	sasl.client.callback.handler.class = null
	sasl.jaas.config = null
	sasl.kerberos.kinit.cmd = /usr/bin/kinit
	sasl.kerberos.min.time.before.relogin = 60000
	sasl.kerberos.service.name = null
	sasl.kerberos.ticket.renew.jitter = 0.05
	sasl.kerberos.ticket.renew.window.factor = 0.8
	sasl.login.callback.handler.class = null
	sasl.login.class = null
	sasl.login.refresh.buffer.seconds = 300
	sasl.login.refresh.min.period.seconds = 60
	sasl.login.refresh.window.factor = 0.8
	sasl.login.refresh.window.jitter = 0.05
	sasl.mechanism = GSSAPI
	security.protocol = PLAINTEXT
	security.providers = null
	send.buffer.bytes = 131072
	session.timeout.ms = 45000
	socket.connection.setup.timeout.max.ms = 30000
	socket.connection.setup.timeout.ms = 10000
	ssl.cipher.suites = null
	ssl.enabled.protocols = [TLSv1.2, TLSv1.3]
	ssl.endpoint.identification.algorithm = https
	ssl.engine.factory.class = null
	ssl.key.password = null
	ssl.keymanager.algorithm = SunX509
	ssl.keystore.certificate.chain = null
	ssl.keystore.key = null
	ssl.keystore.location = null
	ssl.keystore.password = null
	ssl.keystore.type = JKS
	ssl.protocol = TLSv1.3
	ssl.provider = null
	ssl.secure.random.implementation = null
	ssl.trustmanager.algorithm = PKIX
	ssl.truststore.certificates = null
	ssl.truststore.location = null
	ssl.truststore.password = null
	ssl.truststore.type = JKS
	value.deserializer = class org.springframework.kafka.support.serializer.ErrorHandlingDeserializer

[Avro Consumer] 10:08:34.433  INFO --- i.c.k.s.KafkaAvroDeserializerConfig      : KafkaAvroDeserializerConfig values: 
	auto.register.schemas = true
	avro.reflection.allow.null = false
	avro.use.logical.type.converters = false
	basic.auth.credentials.source = URL
	basic.auth.user.info = [hidden]
	bearer.auth.cache.expiry.buffer.seconds = 300
	bearer.auth.client.id = null
	bearer.auth.client.secret = null
	bearer.auth.credentials.source = STATIC_TOKEN
	bearer.auth.custom.provider.class = null
	bearer.auth.identity.pool.id = null
	bearer.auth.issuer.endpoint.url = null
	bearer.auth.logical.cluster = null
	bearer.auth.scope = null
	bearer.auth.scope.claim.name = scope
	bearer.auth.sub.claim.name = sub
	bearer.auth.token = [hidden]
	context.name.strategy = class io.confluent.kafka.serializers.context.NullContextNameStrategy
	http.connect.timeout.ms = 60000
	http.read.timeout.ms = 60000
	id.compatibility.strict = true
	key.subject.name.strategy = class io.confluent.kafka.serializers.subject.TopicNameStrategy
	latest.cache.size = 1000
	latest.cache.ttl.sec = -1
	latest.compatibility.strict = true
	max.schemas.per.subject = 1000
	normalize.schemas = false
	proxy.host = 
	proxy.port = -1
	rule.actions = []
	rule.executors = []
	rule.service.loader.enable = true
	schema.format = null
	schema.reflection = false
	schema.registry.basic.auth.user.info = [hidden]
	schema.registry.ssl.cipher.suites = null
	schema.registry.ssl.enabled.protocols = [TLSv1.2, TLSv1.3]
	schema.registry.ssl.endpoint.identification.algorithm = https
	schema.registry.ssl.engine.factory.class = null
	schema.registry.ssl.key.password = null
	schema.registry.ssl.keymanager.algorithm = SunX509
	schema.registry.ssl.keystore.certificate.chain = null
	schema.registry.ssl.keystore.key = null
	schema.registry.ssl.keystore.location = null
	schema.registry.ssl.keystore.password = null
	schema.registry.ssl.keystore.type = JKS
	schema.registry.ssl.protocol = TLSv1.3
	schema.registry.ssl.provider = null
	schema.registry.ssl.secure.random.implementation = null
	schema.registry.ssl.trustmanager.algorithm = PKIX
	schema.registry.ssl.truststore.certificates = null
	schema.registry.ssl.truststore.location = null
	schema.registry.ssl.truststore.password = null
	schema.registry.ssl.truststore.type = JKS
	schema.registry.url = [http://localhost:8081]
	specific.avro.key.type = null
	specific.avro.reader = true
	specific.avro.value.type = null
	use.latest.version = false
	use.latest.with.metadata = null
	use.schema.id = -1
	value.subject.name.strategy = class io.confluent.kafka.serializers.subject.TopicNameStrategy

[Avro Consumer] 10:08:35.297  INFO --- o.a.kafka.common.utils.AppInfoParser     : Kafka version: 3.0.1
[Avro Consumer] 10:08:35.308  INFO --- o.a.kafka.common.utils.AppInfoParser     : Kafka commitId: 8e30984f43e64d8b
[Avro Consumer] 10:08:35.308  INFO --- o.a.kafka.common.utils.AppInfoParser     : Kafka startTimeMs: 1758380915286
[Avro Consumer] 10:08:35.316  INFO --- o.a.k.clients.consumer.KafkaConsumer     : [Consumer clientId=consumer-avro-group-1, groupId=avro-group] Subscribed to topic(s): topic-person-address-fake
[Avro Consumer] 10:08:35.440  INFO --- c.l.k.KafkaCoreConsumerApplicationTests  : Started KafkaCoreConsumerApplicationTests in 8.648 seconds (JVM running for 17.289)
[Avro Consumer] 10:08:36.932  INFO --- org.apache.kafka.clients.Metadata        : [Consumer clientId=consumer-avro-group-1, groupId=avro-group] Resetting the last seen epoch of partition topic-person-address-fake-0 to 0 since the associated topicId changed from null to BNb0zGo5SWe2RpJMJhjhlQ
[Avro Consumer] 10:08:36.941  INFO --- org.apache.kafka.clients.Metadata        : [Consumer clientId=consumer-avro-group-1, groupId=avro-group] Cluster ID: NjIRbo9lRVSoeDIPy-unZA
[Avro Consumer] 10:08:36.953  INFO --- o.a.k.c.c.internals.ConsumerCoordinator  : [Consumer clientId=consumer-avro-group-1, groupId=avro-group] Discovered group coordinator 127.0.0.1:9092 (id: 2147483646 rack: null)
[Avro Consumer] 10:08:36.970  INFO --- o.a.k.c.c.internals.ConsumerCoordinator  : [Consumer clientId=consumer-avro-group-1, groupId=avro-group] (Re-)joining group
[Avro Consumer] 10:08:37.051  INFO --- o.a.k.c.c.internals.ConsumerCoordinator  : [Consumer clientId=consumer-avro-group-1, groupId=avro-group] Request joining group due to: need to re-join with the given member-id
[Avro Consumer] 10:08:37.053  INFO --- o.a.k.c.c.internals.ConsumerCoordinator  : [Consumer clientId=consumer-avro-group-1, groupId=avro-group] (Re-)joining group
]]></system-out>
  <system-err><![CDATA[]]></system-err>
</testsuite>
